{"E:\\Cursos\\Udemy\\React\\Curso-React-de-cero-a-experto-Act\\03-gifs-app\\src\\GifsApp.tsx": {"path":"E:\\Cursos\\Udemy\\React\\Curso-React-de-cero-a-experto-Act\\03-gifs-app\\src\\GifsApp.tsx","statementMap":{"0":{"start":{"line":7,"column":23},"end":{"line":31,"column":null}},"1":{"start":{"line":9,"column":65},"end":{"line":9,"column":null}}},"fnMap":{"0":{"name":"(anonymous_0)","decl":{"start":{"line":7,"column":23},"end":{"line":7,"column":null}},"loc":{"start":{"line":7,"column":23},"end":{"line":31,"column":null}},"line":7}},"branchMap":{},"s":{"0":1,"1":1},"f":{"0":1},"b":{},"meta":{"lastBranch":0,"lastFunction":1,"lastStatement":2,"seen":{"s:7:23:31:Infinity":0,"f:7:23:7:Infinity":0,"s:9:65:9:Infinity":1}}}
,"E:\\Cursos\\Udemy\\React\\Curso-React-de-cero-a-experto-Act\\03-gifs-app\\src\\gifs\\actions\\get-gifs-by-query.action.ts": {"path":"E:\\Cursos\\Udemy\\React\\Curso-React-de-cero-a-experto-Act\\03-gifs-app\\src\\gifs\\actions\\get-gifs-by-query.action.ts","statementMap":{"0":{"start":{"line":6,"column":30},"end":{"line":31,"column":null}},"1":{"start":{"line":8,"column":4},"end":{"line":10,"column":null}},"2":{"start":{"line":9,"column":8},"end":{"line":9,"column":null}},"3":{"start":{"line":12,"column":4},"end":{"line":30,"column":null}},"4":{"start":{"line":13,"column":25},"end":{"line":18,"column":null}},"5":{"start":{"line":20,"column":8},"end":{"line":26,"column":null}},"6":{"start":{"line":20,"column":48},"end":{"line":26,"column":null}},"7":{"start":{"line":28,"column":8},"end":{"line":28,"column":null}},"8":{"start":{"line":29,"column":8},"end":{"line":29,"column":null}}},"fnMap":{"0":{"name":"(anonymous_0)","decl":{"start":{"line":6,"column":30},"end":{"line":6,"column":37}},"loc":{"start":{"line":6,"column":37},"end":{"line":31,"column":null}},"line":6},"1":{"name":"(anonymous_1)","decl":{"start":{"line":20,"column":38},"end":{"line":20,"column":39}},"loc":{"start":{"line":20,"column":48},"end":{"line":26,"column":null}},"line":20}},"branchMap":{"0":{"loc":{"start":{"line":8,"column":4},"end":{"line":10,"column":null}},"type":"if","locations":[{"start":{"line":8,"column":4},"end":{"line":10,"column":null}},{"start":{},"end":{}}],"line":8}},"s":{"0":3,"1":6,"2":1,"3":5,"4":5,"5":4,"6":40,"7":1,"8":1},"f":{"0":6,"1":40},"b":{"0":[1,5]},"meta":{"lastBranch":1,"lastFunction":2,"lastStatement":9,"seen":{"s:6:30:31:Infinity":0,"f:6:30:6:37":0,"b:8:4:10:Infinity:undefined:undefined:undefined:undefined":0,"s:8:4:10:Infinity":1,"s:9:8:9:Infinity":2,"s:12:4:30:Infinity":3,"s:13:25:18:Infinity":4,"s:20:8:26:Infinity":5,"f:20:38:20:39":1,"s:20:48:26:Infinity":6,"s:28:8:28:Infinity":7,"s:29:8:29:Infinity":8}}}
,"E:\\Cursos\\Udemy\\React\\Curso-React-de-cero-a-experto-Act\\03-gifs-app\\src\\gifs\\api\\giphy.api.ts": {"path":"E:\\Cursos\\Udemy\\React\\Curso-React-de-cero-a-experto-Act\\03-gifs-app\\src\\gifs\\api\\giphy.api.ts","statementMap":{"0":{"start":{"line":3,"column":24},"end":{"line":9,"column":null}}},"fnMap":{},"branchMap":{},"s":{"0":4},"f":{},"b":{},"meta":{"lastBranch":0,"lastFunction":0,"lastStatement":1,"seen":{"s:3:24:9:Infinity":0}}}
,"E:\\Cursos\\Udemy\\React\\Curso-React-de-cero-a-experto-Act\\03-gifs-app\\src\\gifs\\components\\GifList.tsx": {"path":"E:\\Cursos\\Udemy\\React\\Curso-React-de-cero-a-experto-Act\\03-gifs-app\\src\\gifs\\components\\GifList.tsx","statementMap":{"0":{"start":{"line":8,"column":34},"end":{"line":24,"column":null}}},"fnMap":{"0":{"name":"(anonymous_0)","decl":{"start":{"line":8,"column":34},"end":{"line":8,"column":35}},"loc":{"start":{"line":8,"column":43},"end":{"line":24,"column":null}},"line":8}},"branchMap":{},"s":{"0":1},"f":{"0":1},"b":{},"meta":{"lastBranch":0,"lastFunction":1,"lastStatement":1,"seen":{"s:8:34:24:Infinity":0,"f:8:34:8:35":0}}}
,"E:\\Cursos\\Udemy\\React\\Curso-React-de-cero-a-experto-Act\\03-gifs-app\\src\\gifs\\components\\PreviousSearches.tsx": {"path":"E:\\Cursos\\Udemy\\React\\Curso-React-de-cero-a-experto-Act\\03-gifs-app\\src\\gifs\\components\\PreviousSearches.tsx","statementMap":{"0":{"start":{"line":9,"column":43},"end":{"line":24,"column":null}},"1":{"start":{"line":17,"column":29},"end":{"line":17,"column":null}}},"fnMap":{"0":{"name":"(anonymous_0)","decl":{"start":{"line":9,"column":43},"end":{"line":9,"column":44}},"loc":{"start":{"line":9,"column":72},"end":{"line":24,"column":null}},"line":9},"1":{"name":"(anonymous_1)","decl":{"start":{"line":17,"column":23},"end":{"line":17,"column":29}},"loc":{"start":{"line":17,"column":29},"end":{"line":17,"column":null}},"line":17}},"branchMap":{},"s":{"0":1,"1":0},"f":{"0":1,"1":0},"b":{},"meta":{"lastBranch":0,"lastFunction":2,"lastStatement":2,"seen":{"s:9:43:24:Infinity":0,"f:9:43:9:44":0,"f:17:23:17:29":1,"s:17:29:17:Infinity":1}}}
,"E:\\Cursos\\Udemy\\React\\Curso-React-de-cero-a-experto-Act\\03-gifs-app\\src\\gifs\\counter\\components\\MyCounterApp.tsx": {"path":"E:\\Cursos\\Udemy\\React\\Curso-React-de-cero-a-experto-Act\\03-gifs-app\\src\\gifs\\counter\\components\\MyCounterApp.tsx","statementMap":{"0":{"start":{"line":4,"column":28},"end":{"line":22,"column":null}},"1":{"start":{"line":6,"column":59},"end":{"line":6,"column":null}}},"fnMap":{"0":{"name":"(anonymous_0)","decl":{"start":{"line":4,"column":28},"end":{"line":4,"column":null}},"loc":{"start":{"line":4,"column":28},"end":{"line":22,"column":null}},"line":4}},"branchMap":{},"s":{"0":2,"1":8},"f":{"0":8},"b":{},"meta":{"lastBranch":0,"lastFunction":1,"lastStatement":2,"seen":{"s:4:28:22:Infinity":0,"f:4:28:4:Infinity":0,"s:6:59:6:Infinity":1}}}
,"E:\\Cursos\\Udemy\\React\\Curso-React-de-cero-a-experto-Act\\03-gifs-app\\src\\gifs\\counter\\hooks\\useCounter.tsx": {"path":"E:\\Cursos\\Udemy\\React\\Curso-React-de-cero-a-experto-Act\\03-gifs-app\\src\\gifs\\counter\\hooks\\useCounter.tsx","statementMap":{"0":{"start":{"line":4,"column":26},"end":{"line":28,"column":null}},"1":{"start":{"line":5,"column":29},"end":{"line":5,"column":null}},"2":{"start":{"line":7,"column":22},"end":{"line":8,"column":null}},"3":{"start":{"line":8,"column":8},"end":{"line":8,"column":null}},"4":{"start":{"line":11,"column":27},"end":{"line":12,"column":null}},"5":{"start":{"line":12,"column":8},"end":{"line":12,"column":null}},"6":{"start":{"line":12,"column":35},"end":{"line":12,"column":null}},"7":{"start":{"line":15,"column":24},"end":{"line":16,"column":null}},"8":{"start":{"line":16,"column":8},"end":{"line":16,"column":null}},"9":{"start":{"line":19,"column":4},"end":{"line":27,"column":null}}},"fnMap":{"0":{"name":"(anonymous_0)","decl":{"start":{"line":4,"column":26},"end":{"line":4,"column":27}},"loc":{"start":{"line":4,"column":52},"end":{"line":28,"column":null}},"line":4},"1":{"name":"(anonymous_1)","decl":{"start":{"line":7,"column":22},"end":{"line":7,"column":null}},"loc":{"start":{"line":8,"column":8},"end":{"line":8,"column":null}},"line":8},"2":{"name":"(anonymous_2)","decl":{"start":{"line":11,"column":27},"end":{"line":11,"column":null}},"loc":{"start":{"line":12,"column":8},"end":{"line":12,"column":null}},"line":12},"3":{"name":"(anonymous_3)","decl":{"start":{"line":12,"column":19},"end":{"line":12,"column":20}},"loc":{"start":{"line":12,"column":35},"end":{"line":12,"column":null}},"line":12},"4":{"name":"(anonymous_4)","decl":{"start":{"line":15,"column":24},"end":{"line":15,"column":null}},"loc":{"start":{"line":16,"column":8},"end":{"line":16,"column":null}},"line":16}},"branchMap":{"0":{"loc":{"start":{"line":4,"column":27},"end":{"line":4,"column":52}},"type":"default-arg","locations":[{"start":{"line":4,"column":50},"end":{"line":4,"column":52}}],"line":4}},"s":{"0":2,"1":15,"2":15,"3":2,"4":15,"5":7,"6":7,"7":15,"8":2,"9":15},"f":{"0":15,"1":2,"2":7,"3":7,"4":2},"b":{"0":[15]},"meta":{"lastBranch":1,"lastFunction":5,"lastStatement":10,"seen":{"s:4:26:28:Infinity":0,"f:4:26:4:27":0,"b:4:50:4:52":0,"s:5:29:5:Infinity":1,"s:7:22:8:Infinity":2,"f:7:22:7:Infinity":1,"s:8:8:8:Infinity":3,"s:11:27:12:Infinity":4,"f:11:27:11:Infinity":2,"s:12:8:12:Infinity":5,"f:12:19:12:20":3,"s:12:35:12:Infinity":6,"s:15:24:16:Infinity":7,"f:15:24:15:Infinity":4,"s:16:8:16:Infinity":8,"s:19:4:27:Infinity":9}}}
,"E:\\Cursos\\Udemy\\React\\Curso-React-de-cero-a-experto-Act\\03-gifs-app\\src\\gifs\\hooks\\useGifs.tsx": {"path":"E:\\Cursos\\Udemy\\React\\Curso-React-de-cero-a-experto-Act\\03-gifs-app\\src\\gifs\\hooks\\useGifs.tsx","statementMap":{"0":{"start":{"line":8,"column":25},"end":{"line":51,"column":null}},"1":{"start":{"line":9,"column":25},"end":{"line":9,"column":null}},"2":{"start":{"line":10,"column":43},"end":{"line":10,"column":null}},"3":{"start":{"line":13,"column":10},"end":{"line":13,"column":null}},"4":{"start":{"line":15,"column":30},"end":{"line":26,"column":null}},"5":{"start":{"line":18,"column":8},"end":{"line":21,"column":null}},"6":{"start":{"line":19,"column":12},"end":{"line":19,"column":null}},"7":{"start":{"line":20,"column":12},"end":{"line":20,"column":null}},"8":{"start":{"line":23,"column":21},"end":{"line":23,"column":null}},"9":{"start":{"line":24,"column":8},"end":{"line":24,"column":null}},"10":{"start":{"line":25,"column":8},"end":{"line":25,"column":null}},"11":{"start":{"line":28,"column":25},"end":{"line":40,"column":null}},"12":{"start":{"line":29,"column":25},"end":{"line":29,"column":null}},"13":{"start":{"line":31,"column":8},"end":{"line":31,"column":null}},"14":{"start":{"line":32,"column":8},"end":{"line":32,"column":null}},"15":{"start":{"line":32,"column":32},"end":{"line":32,"column":null}},"16":{"start":{"line":33,"column":8},"end":{"line":33,"column":null}},"17":{"start":{"line":33,"column":43},"end":{"line":33,"column":null}},"18":{"start":{"line":34,"column":8},"end":{"line":34,"column":null}},"19":{"start":{"line":36,"column":21},"end":{"line":36,"column":null}},"20":{"start":{"line":37,"column":8},"end":{"line":37,"column":null}},"21":{"start":{"line":39,"column":8},"end":{"line":39,"column":null}},"22":{"start":{"line":42,"column":4},"end":{"line":50,"column":null}}},"fnMap":{"0":{"name":"(anonymous_0)","decl":{"start":{"line":8,"column":25},"end":{"line":8,"column":null}},"loc":{"start":{"line":8,"column":25},"end":{"line":51,"column":null}},"line":8},"1":{"name":"(anonymous_1)","decl":{"start":{"line":15,"column":30},"end":{"line":15,"column":37}},"loc":{"start":{"line":15,"column":37},"end":{"line":26,"column":null}},"line":15},"2":{"name":"(anonymous_2)","decl":{"start":{"line":28,"column":25},"end":{"line":28,"column":32}},"loc":{"start":{"line":28,"column":50},"end":{"line":40,"column":null}},"line":28}},"branchMap":{"0":{"loc":{"start":{"line":18,"column":8},"end":{"line":21,"column":null}},"type":"if","locations":[{"start":{"line":18,"column":8},"end":{"line":21,"column":null}},{"start":{},"end":{}}],"line":18},"1":{"loc":{"start":{"line":28,"column":32},"end":{"line":28,"column":50}},"type":"default-arg","locations":[{"start":{"line":28,"column":48},"end":{"line":28,"column":50}}],"line":28},"2":{"loc":{"start":{"line":32,"column":8},"end":{"line":32,"column":null}},"type":"if","locations":[{"start":{"line":32,"column":8},"end":{"line":32,"column":null}},{"start":{},"end":{}}],"line":32},"3":{"loc":{"start":{"line":33,"column":8},"end":{"line":33,"column":null}},"type":"if","locations":[{"start":{"line":33,"column":8},"end":{"line":33,"column":null}},{"start":{},"end":{}}],"line":33}},"s":{"0":2,"1":19,"2":19,"3":19,"4":19,"5":3,"6":1,"7":1,"8":2,"9":2,"10":2,"11":19,"12":10,"13":10,"14":10,"15":0,"16":10,"17":0,"18":10,"19":10,"20":10,"21":10,"22":19},"f":{"0":19,"1":3,"2":10},"b":{"0":[1,2],"1":[10],"2":[0,10],"3":[0,10]},"meta":{"lastBranch":4,"lastFunction":3,"lastStatement":23,"seen":{"s:8:25:51:Infinity":0,"f:8:25:8:Infinity":0,"s:9:25:9:Infinity":1,"s:10:43:10:Infinity":2,"s:13:10:13:Infinity":3,"s:15:30:26:Infinity":4,"f:15:30:15:37":1,"b:18:8:21:Infinity:undefined:undefined:undefined:undefined":0,"s:18:8:21:Infinity":5,"s:19:12:19:Infinity":6,"s:20:12:20:Infinity":7,"s:23:21:23:Infinity":8,"s:24:8:24:Infinity":9,"s:25:8:25:Infinity":10,"s:28:25:40:Infinity":11,"f:28:25:28:32":2,"b:28:48:28:50":1,"s:29:25:29:Infinity":12,"s:31:8:31:Infinity":13,"b:32:8:32:Infinity:undefined:undefined:undefined:undefined":2,"s:32:8:32:Infinity":14,"s:32:32:32:Infinity":15,"b:33:8:33:Infinity:undefined:undefined:undefined:undefined":3,"s:33:8:33:Infinity":16,"s:33:43:33:Infinity":17,"s:34:8:34:Infinity":18,"s:36:21:36:Infinity":19,"s:37:8:37:Infinity":20,"s:39:8:39:Infinity":21,"s:42:4:50:Infinity":22}}}
,"E:\\Cursos\\Udemy\\React\\Curso-React-de-cero-a-experto-Act\\03-gifs-app\\src\\shared\\components\\CustomHeader.tsx": {"path":"E:\\Cursos\\Udemy\\React\\Curso-React-de-cero-a-experto-Act\\03-gifs-app\\src\\shared\\components\\CustomHeader.tsx","statementMap":{"0":{"start":{"line":7,"column":28},"end":{"line":14,"column":null}}},"fnMap":{"0":{"name":"(anonymous_0)","decl":{"start":{"line":7,"column":28},"end":{"line":7,"column":29}},"loc":{"start":{"line":7,"column":57},"end":{"line":14,"column":null}},"line":7}},"branchMap":{},"s":{"0":2},"f":{"0":4},"b":{},"meta":{"lastBranch":0,"lastFunction":1,"lastStatement":1,"seen":{"s:7:28:14:Infinity":0,"f:7:28:7:29":0}}}
,"E:\\Cursos\\Udemy\\React\\Curso-React-de-cero-a-experto-Act\\03-gifs-app\\src\\shared\\components\\SearchBar.tsx": {"path":"E:\\Cursos\\Udemy\\React\\Curso-React-de-cero-a-experto-Act\\03-gifs-app\\src\\shared\\components\\SearchBar.tsx","statementMap":{"0":{"start":{"line":9,"column":25},"end":{"line":46,"column":null}},"1":{"start":{"line":10,"column":25},"end":{"line":10,"column":null}},"2":{"start":{"line":12,"column":2},"end":{"line":21,"column":null}},"3":{"start":{"line":13,"column":22},"end":{"line":16,"column":null}},"4":{"start":{"line":14,"column":6},"end":{"line":14,"column":null}},"5":{"start":{"line":15,"column":6},"end":{"line":15,"column":null}},"6":{"start":{"line":18,"column":4},"end":{"line":20,"column":null}},"7":{"start":{"line":19,"column":6},"end":{"line":19,"column":null}},"8":{"start":{"line":23,"column":23},"end":{"line":26,"column":null}},"9":{"start":{"line":24,"column":4},"end":{"line":24,"column":null}},"10":{"start":{"line":25,"column":4},"end":{"line":25,"column":null}},"11":{"start":{"line":28,"column":24},"end":{"line":32,"column":null}},"12":{"start":{"line":29,"column":4},"end":{"line":31,"column":null}},"13":{"start":{"line":30,"column":6},"end":{"line":30,"column":null}},"14":{"start":{"line":40,"column":31},"end":{"line":40,"column":null}}},"fnMap":{"0":{"name":"(anonymous_0)","decl":{"start":{"line":9,"column":25},"end":{"line":9,"column":26}},"loc":{"start":{"line":9,"column":66},"end":{"line":46,"column":null}},"line":9},"1":{"name":"(anonymous_1)","decl":{"start":{"line":12,"column":12},"end":{"line":12,"column":null}},"loc":{"start":{"line":12,"column":12},"end":{"line":21,"column":5}},"line":12},"2":{"name":"(anonymous_2)","decl":{"start":{"line":13,"column":33},"end":{"line":13,"column":null}},"loc":{"start":{"line":13,"column":33},"end":{"line":16,"column":7}},"line":13},"3":{"name":"(anonymous_3)","decl":{"start":{"line":18,"column":11},"end":{"line":18,"column":null}},"loc":{"start":{"line":18,"column":11},"end":{"line":20,"column":null}},"line":18},"4":{"name":"(anonymous_4)","decl":{"start":{"line":23,"column":23},"end":{"line":23,"column":null}},"loc":{"start":{"line":23,"column":23},"end":{"line":26,"column":null}},"line":23},"5":{"name":"(anonymous_5)","decl":{"start":{"line":28,"column":24},"end":{"line":28,"column":25}},"loc":{"start":{"line":28,"column":25},"end":{"line":32,"column":null}},"line":28},"6":{"name":"(anonymous_6)","decl":{"start":{"line":40,"column":20},"end":{"line":40,"column":21}},"loc":{"start":{"line":40,"column":31},"end":{"line":40,"column":null}},"line":40}},"branchMap":{"0":{"loc":{"start":{"line":9,"column":28},"end":{"line":9,"column":49}},"type":"default-arg","locations":[{"start":{"line":9,"column":41},"end":{"line":9,"column":49}}],"line":9},"1":{"loc":{"start":{"line":29,"column":4},"end":{"line":31,"column":null}},"type":"if","locations":[{"start":{"line":29,"column":4},"end":{"line":31,"column":null}},{"start":{},"end":{}}],"line":29}},"s":{"0":2,"1":11,"2":11,"3":11,"4":0,"5":0,"6":11,"7":11,"8":11,"9":1,"10":1,"11":11,"12":0,"13":0,"14":4},"f":{"0":11,"1":11,"2":0,"3":11,"4":1,"5":0,"6":4},"b":{"0":[11],"1":[0,0]},"meta":{"lastBranch":2,"lastFunction":7,"lastStatement":15,"seen":{"s:9:25:46:Infinity":0,"f:9:25:9:26":0,"b:9:41:9:49":0,"s:10:25:10:Infinity":1,"s:12:2:21:Infinity":2,"f:12:12:12:Infinity":1,"s:13:22:16:Infinity":3,"f:13:33:13:Infinity":2,"s:14:6:14:Infinity":4,"s:15:6:15:Infinity":5,"s:18:4:20:Infinity":6,"f:18:11:18:Infinity":3,"s:19:6:19:Infinity":7,"s:23:23:26:Infinity":8,"f:23:23:23:Infinity":4,"s:24:4:24:Infinity":9,"s:25:4:25:Infinity":10,"s:28:24:32:Infinity":11,"f:28:24:28:25":5,"b:29:4:31:Infinity:undefined:undefined:undefined:undefined":1,"s:29:4:31:Infinity":12,"s:30:6:30:Infinity":13,"f:40:20:40:21":6,"s:40:31:40:Infinity":14}}}
,"E:\\Cursos\\Udemy\\React\\Curso-React-de-cero-a-experto-Act\\03-gifs-app\\tests\\mocks\\giphy.response.data.ts": {"path":"E:\\Cursos\\Udemy\\React\\Curso-React-de-cero-a-experto-Act\\03-gifs-app\\tests\\mocks\\giphy.response.data.ts","statementMap":{"0":{"start":{"line":1,"column":39},"end":{"line":2016,"column":null}}},"fnMap":{},"branchMap":{},"s":{"0":1},"f":{},"b":{},"meta":{"lastBranch":0,"lastFunction":0,"lastStatement":1,"seen":{"s:1:39:2016:Infinity":0}}}
}
