{"E:\\Cursos\\Udemy\\React\\Curso-React-de-cero-a-experto-Act\\02-first-steps\\src\\FirstStepsApp.tsx": {"path":"E:\\Cursos\\Udemy\\React\\Curso-React-de-cero-a-experto-Act\\02-first-steps\\src\\FirstStepsApp.tsx","all":false,"statementMap":{"0":{"start":{"line":1,"column":0},"end":{"line":1,"column":58}},"7":{"start":{"line":8,"column":0},"end":{"line":8,"column":34}},"8":{"start":{"line":9,"column":0},"end":{"line":9,"column":52}},"9":{"start":{"line":10,"column":0},"end":{"line":10,"column":48}},"10":{"start":{"line":11,"column":0},"end":{"line":11,"column":49}},"11":{"start":{"line":12,"column":0},"end":{"line":12,"column":2}},"13":{"start":{"line":14,"column":0},"end":{"line":14,"column":33}},"14":{"start":{"line":15,"column":0},"end":{"line":15,"column":12}},"15":{"start":{"line":16,"column":0},"end":{"line":16,"column":10}},"24":{"start":{"line":25,"column":0},"end":{"line":25,"column":39}},"30":{"start":{"line":31,"column":0},"end":{"line":31,"column":61}},"31":{"start":{"line":32,"column":0},"end":{"line":32,"column":91}},"36":{"start":{"line":37,"column":0},"end":{"line":37,"column":1}}},"s":{"0":1,"7":1,"8":1,"9":1,"10":1,"11":1,"13":1,"14":3,"15":3,"24":3,"30":3,"31":3,"36":3},"branchMap":{"0":{"type":"branch","line":14,"loc":{"start":{"line":14,"column":7},"end":{"line":37,"column":1}},"locations":[{"start":{"line":14,"column":7},"end":{"line":37,"column":1}}]}},"b":{"0":[3]},"fnMap":{"0":{"name":"FirstStepsApp","decl":{"start":{"line":14,"column":7},"end":{"line":37,"column":1}},"loc":{"start":{"line":14,"column":7},"end":{"line":37,"column":1}},"line":14}},"f":{"0":3}}
,"E:\\Cursos\\Udemy\\React\\Curso-React-de-cero-a-experto-Act\\02-first-steps\\src\\MyAwesomeApp.tsx": {"path":"E:\\Cursos\\Udemy\\React\\Curso-React-de-cero-a-experto-Act\\02-first-steps\\src\\MyAwesomeApp.tsx","all":false,"statementMap":{"0":{"start":{"line":1,"column":0},"end":{"line":1,"column":3}},"9":{"start":{"line":10,"column":0},"end":{"line":10,"column":2}},"13":{"start":{"line":14,"column":0},"end":{"line":14,"column":29}},"14":{"start":{"line":15,"column":0},"end":{"line":15,"column":30}},"16":{"start":{"line":17,"column":0},"end":{"line":17,"column":62}},"17":{"start":{"line":18,"column":0},"end":{"line":18,"column":22}},"19":{"start":{"line":20,"column":0},"end":{"line":20,"column":17}},"20":{"start":{"line":21,"column":0},"end":{"line":21,"column":23}},"21":{"start":{"line":22,"column":0},"end":{"line":22,"column":24}},"22":{"start":{"line":23,"column":0},"end":{"line":23,"column":1}},"24":{"start":{"line":25,"column":0},"end":{"line":25,"column":2}},"27":{"start":{"line":28,"column":0},"end":{"line":28,"column":2}},"28":{"start":{"line":29,"column":0},"end":{"line":29,"column":33}},"29":{"start":{"line":30,"column":0},"end":{"line":30,"column":47}},"30":{"start":{"line":31,"column":0},"end":{"line":31,"column":21}},"31":{"start":{"line":32,"column":0},"end":{"line":32,"column":16}},"32":{"start":{"line":33,"column":0},"end":{"line":33,"column":15}},"33":{"start":{"line":34,"column":0},"end":{"line":34,"column":1}},"35":{"start":{"line":36,"column":0},"end":{"line":36,"column":32}},"37":{"start":{"line":38,"column":0},"end":{"line":38,"column":12}},"38":{"start":{"line":39,"column":0},"end":{"line":39,"column":35}},"39":{"start":{"line":40,"column":0},"end":{"line":40,"column":65}},"40":{"start":{"line":41,"column":0},"end":{"line":41,"column":33}},"42":{"start":{"line":43,"column":0},"end":{"line":43,"column":75}},"44":{"start":{"line":45,"column":0},"end":{"line":45,"column":26}},"45":{"start":{"line":46,"column":0},"end":{"line":46,"column":56}},"56":{"start":{"line":57,"column":0},"end":{"line":57,"column":61}},"59":{"start":{"line":60,"column":0},"end":{"line":60,"column":1}}},"s":{"0":1,"9":1,"13":1,"14":1,"16":1,"17":1,"19":1,"20":1,"21":1,"22":1,"24":1,"27":1,"28":1,"29":1,"30":1,"31":1,"32":1,"33":1,"35":1,"37":4,"38":4,"39":4,"40":4,"42":4,"44":4,"45":4,"56":4,"59":4},"branchMap":{"0":{"type":"branch","line":30,"loc":{"start":{"line":30,"column":32},"end":{"line":30,"column":47}},"locations":[{"start":{"line":30,"column":32},"end":{"line":30,"column":47}}]},"1":{"type":"branch","line":36,"loc":{"start":{"line":36,"column":7},"end":{"line":60,"column":1}},"locations":[{"start":{"line":36,"column":7},"end":{"line":60,"column":1}}]},"2":{"type":"branch","line":46,"loc":{"start":{"line":46,"column":28},"end":{"line":46,"column":56}},"locations":[{"start":{"line":46,"column":28},"end":{"line":46,"column":56}}]}},"b":{"0":[0],"1":[4],"2":[0]},"fnMap":{"0":{"name":"MyAwesomeApp","decl":{"start":{"line":36,"column":7},"end":{"line":60,"column":1}},"loc":{"start":{"line":36,"column":7},"end":{"line":60,"column":1}},"line":36}},"f":{"0":4}}
,"E:\\Cursos\\Udemy\\React\\Curso-React-de-cero-a-experto-Act\\02-first-steps\\src\\main.tsx": {"path":"E:\\Cursos\\Udemy\\React\\Curso-React-de-cero-a-experto-Act\\02-first-steps\\src\\main.tsx","all":true,"statementMap":{"0":{"start":{"line":1,"column":0},"end":{"line":1,"column":34}},"1":{"start":{"line":2,"column":0},"end":{"line":2,"column":45}},"2":{"start":{"line":3,"column":0},"end":{"line":3,"column":47}},"3":{"start":{"line":4,"column":0},"end":{"line":4,"column":48}},"5":{"start":{"line":6,"column":0},"end":{"line":6,"column":52}},"6":{"start":{"line":7,"column":0},"end":{"line":7,"column":14}},"7":{"start":{"line":8,"column":0},"end":{"line":8,"column":21}}},"s":{"0":0,"1":0,"2":0,"3":0,"5":0,"6":0,"7":0},"branchMap":{"0":{"type":"branch","line":1,"loc":{"start":{"line":1,"column":316},"end":{"line":11,"column":1}},"locations":[{"start":{"line":1,"column":316},"end":{"line":11,"column":1}}]}},"b":{"0":[0]},"fnMap":{"0":{"name":"(empty-report)","decl":{"start":{"line":1,"column":316},"end":{"line":11,"column":1}},"loc":{"start":{"line":1,"column":316},"end":{"line":11,"column":1}},"line":1}},"f":{"0":0}}
,"E:\\Cursos\\Udemy\\React\\Curso-React-de-cero-a-experto-Act\\02-first-steps\\src\\helpers\\math.helper.ts": {"path":"E:\\Cursos\\Udemy\\React\\Curso-React-de-cero-a-experto-Act\\02-first-steps\\src\\helpers\\math.helper.ts","all":false,"statementMap":{"2":{"start":{"line":3,"column":0},"end":{"line":3,"column":50}},"3":{"start":{"line":4,"column":0},"end":{"line":4,"column":10}},"4":{"start":{"line":5,"column":0},"end":{"line":5,"column":17}},"5":{"start":{"line":6,"column":0},"end":{"line":6,"column":2}},"7":{"start":{"line":8,"column":0},"end":{"line":8,"column":51}},"8":{"start":{"line":9,"column":0},"end":{"line":9,"column":17}},"9":{"start":{"line":10,"column":0},"end":{"line":10,"column":2}},"11":{"start":{"line":12,"column":0},"end":{"line":12,"column":51}},"12":{"start":{"line":13,"column":0},"end":{"line":13,"column":17}},"13":{"start":{"line":14,"column":0},"end":{"line":14,"column":2}},"15":{"start":{"line":16,"column":0},"end":{"line":16,"column":49}},"16":{"start":{"line":17,"column":0},"end":{"line":17,"column":17}},"17":{"start":{"line":18,"column":0},"end":{"line":18,"column":2}}},"s":{"2":1,"3":1,"4":1,"5":1,"7":1,"8":3,"9":3,"11":1,"12":2,"13":2,"15":1,"16":2,"17":2},"branchMap":{"0":{"type":"branch","line":3,"loc":{"start":{"line":3,"column":19},"end":{"line":6,"column":2}},"locations":[{"start":{"line":3,"column":19},"end":{"line":6,"column":2}}]},"1":{"type":"branch","line":8,"loc":{"start":{"line":8,"column":24},"end":{"line":10,"column":2}},"locations":[{"start":{"line":8,"column":24},"end":{"line":10,"column":2}}]},"2":{"type":"branch","line":12,"loc":{"start":{"line":12,"column":24},"end":{"line":14,"column":2}},"locations":[{"start":{"line":12,"column":24},"end":{"line":14,"column":2}}]},"3":{"type":"branch","line":16,"loc":{"start":{"line":16,"column":22},"end":{"line":18,"column":2}},"locations":[{"start":{"line":16,"column":22},"end":{"line":18,"column":2}}]}},"b":{"0":[1],"1":[3],"2":[2],"3":[2]},"fnMap":{"0":{"name":"add","decl":{"start":{"line":3,"column":19},"end":{"line":6,"column":2}},"loc":{"start":{"line":3,"column":19},"end":{"line":6,"column":2}},"line":3},"1":{"name":"subtract","decl":{"start":{"line":8,"column":24},"end":{"line":10,"column":2}},"loc":{"start":{"line":8,"column":24},"end":{"line":10,"column":2}},"line":8},"2":{"name":"multiply","decl":{"start":{"line":12,"column":24},"end":{"line":14,"column":2}},"loc":{"start":{"line":12,"column":24},"end":{"line":14,"column":2}},"line":12},"3":{"name":"divide","decl":{"start":{"line":16,"column":22},"end":{"line":18,"column":2}},"loc":{"start":{"line":16,"column":22},"end":{"line":18,"column":2}},"line":16}},"f":{"0":1,"1":3,"2":2,"3":2}}
,"E:\\Cursos\\Udemy\\React\\Curso-React-de-cero-a-experto-Act\\02-first-steps\\src\\shopping-cart\\ItemCounter.tsx": {"path":"E:\\Cursos\\Udemy\\React\\Curso-React-de-cero-a-experto-Act\\02-first-steps\\src\\shopping-cart\\ItemCounter.tsx","all":false,"statementMap":{"0":{"start":{"line":1,"column":0},"end":{"line":1,"column":33}},"3":{"start":{"line":4,"column":0},"end":{"line":4,"column":29}},"4":{"start":{"line":5,"column":0},"end":{"line":5,"column":28}},"5":{"start":{"line":6,"column":0},"end":{"line":6,"column":45}},"12":{"start":{"line":13,"column":0},"end":{"line":13,"column":63}},"14":{"start":{"line":15,"column":0},"end":{"line":15,"column":47}},"16":{"start":{"line":17,"column":0},"end":{"line":17,"column":27}},"17":{"start":{"line":18,"column":0},"end":{"line":18,"column":24}},"18":{"start":{"line":19,"column":0},"end":{"line":19,"column":3}},"19":{"start":{"line":20,"column":0},"end":{"line":20,"column":32}},"20":{"start":{"line":21,"column":0},"end":{"line":21,"column":28}},"21":{"start":{"line":22,"column":0},"end":{"line":22,"column":24}},"22":{"start":{"line":23,"column":0},"end":{"line":23,"column":3}},"25":{"start":{"line":26,"column":0},"end":{"line":26,"column":10}},"26":{"start":{"line":27,"column":0},"end":{"line":27,"column":13}},"27":{"start":{"line":28,"column":0},"end":{"line":28,"column":34}},"28":{"start":{"line":29,"column":0},"end":{"line":29,"column":36}},"41":{"start":{"line":42,"column":0},"end":{"line":42,"column":25}},"42":{"start":{"line":43,"column":0},"end":{"line":43,"column":42}},"43":{"start":{"line":44,"column":0},"end":{"line":44,"column":20}},"44":{"start":{"line":45,"column":0},"end":{"line":45,"column":51}},"45":{"start":{"line":46,"column":0},"end":{"line":46,"column":14}},"47":{"start":{"line":48,"column":0},"end":{"line":48,"column":17}},"49":{"start":{"line":50,"column":0},"end":{"line":50,"column":38}},"52":{"start":{"line":53,"column":0},"end":{"line":53,"column":28}},"53":{"start":{"line":54,"column":0},"end":{"line":54,"column":43}},"58":{"start":{"line":59,"column":0},"end":{"line":59,"column":1}}},"s":{"0":1,"3":1,"4":1,"5":1,"12":1,"14":9,"16":9,"17":1,"18":1,"19":9,"20":2,"21":1,"22":1,"25":9,"26":9,"27":9,"28":9,"41":9,"42":9,"43":9,"44":9,"45":9,"47":9,"49":9,"52":9,"53":9,"58":9},"branchMap":{"0":{"type":"branch","line":13,"loc":{"start":{"line":13,"column":27},"end":{"line":59,"column":1}},"locations":[{"start":{"line":13,"column":27},"end":{"line":59,"column":1}}]},"1":{"type":"branch","line":45,"loc":{"start":{"line":45,"column":31},"end":{"line":45,"column":43}},"locations":[{"start":{"line":45,"column":31},"end":{"line":45,"column":43}}]},"2":{"type":"branch","line":45,"loc":{"start":{"line":45,"column":35},"end":{"line":45,"column":51}},"locations":[{"start":{"line":45,"column":35},"end":{"line":45,"column":51}}]},"3":{"type":"branch","line":17,"loc":{"start":{"line":17,"column":20},"end":{"line":19,"column":3}},"locations":[{"start":{"line":17,"column":20},"end":{"line":19,"column":3}}]},"4":{"type":"branch","line":20,"loc":{"start":{"line":20,"column":25},"end":{"line":23,"column":3}},"locations":[{"start":{"line":20,"column":25},"end":{"line":23,"column":3}}]},"5":{"type":"branch","line":21,"loc":{"start":{"line":21,"column":21},"end":{"line":23,"column":3}},"locations":[{"start":{"line":21,"column":21},"end":{"line":23,"column":3}}]}},"b":{"0":[9],"1":[4],"2":[5],"3":[1],"4":[2],"5":[1]},"fnMap":{"0":{"name":"ItemCounter","decl":{"start":{"line":13,"column":27},"end":{"line":59,"column":1}},"loc":{"start":{"line":13,"column":27},"end":{"line":59,"column":1}},"line":13},"1":{"name":"handleAdd","decl":{"start":{"line":17,"column":20},"end":{"line":19,"column":3}},"loc":{"start":{"line":17,"column":20},"end":{"line":19,"column":3}},"line":17},"2":{"name":"handleSubtract","decl":{"start":{"line":20,"column":25},"end":{"line":23,"column":3}},"loc":{"start":{"line":20,"column":25},"end":{"line":23,"column":3}},"line":20}},"f":{"0":9,"1":1,"2":2}}
}
